This is pdfTeX, Version 3.14159265-2.6-1.40.21 (MiKTeX 20.7) (preloaded format=pdflatex 2020.10.7)  8 OCT 2020 14:33
entering extended mode
**"./Bao cao thuc tap.tex"
("Bao cao thuc tap.tex"
LaTeX2e <2020-10-01>
L3 programming layer <2020-09-24> xparse <2020-03-03>
("C:\Program Files\MiKTeX\tex/latex/base\article.cls"
Document Class: article 2020/04/10 v1.4m Standard LaTeX document class
("C:\Program Files\MiKTeX\tex/latex/base\size12.clo"
File: size12.clo 2020/04/10 v1.4m Standard LaTeX file (size option)
)
\c@part=\count175
\c@section=\count176
\c@subsection=\count177
\c@subsubsection=\count178
\c@paragraph=\count179
\c@subparagraph=\count180
\c@figure=\count181
\c@table=\count182
\abovecaptionskip=\skip47
\belowcaptionskip=\skip48
\bibindent=\dimen138
)
("C:\Users\Nguyen Thanh Nhan\AppData\Roaming\MiKTeX\tex/latex/vntex\vietnam.sty
"
Package: vietnam 2009/07/12 v1.3 support for Vietnamese
 ("C:\Program Files\MiKTeX\tex/latex/base\ifthen.sty"
Package: ifthen 2014/09/29 v1.1c Standard LaTeX ifthen package (DPC)
)
("C:\Program Files\MiKTeX\tex/latex/base\fontenc.sty"
Package: fontenc 2020/08/10 v2.0s Standard LaTeX package

("C:\Users\Nguyen Thanh Nhan\AppData\Roaming\MiKTeX\tex/latex/vntex\t5enc.def"
File: t5enc.def 2006/11/21 v1.4 Vietnamese T5 encoding
Now handling font encoding T5 ...
... processing UTF-8 mapping file for font encoding T5

("C:\Users\Nguyen Thanh Nhan\AppData\Roaming\MiKTeX\tex/latex/vntex\t5enc.dfu"
File: t5enc.dfu 2006/08/19 v1.1 UTF8 support for Vietnamese
   defining Unicode char U+00AB (decimal 171)
   defining Unicode char U+00BB (decimal 187)
   defining Unicode char U+00C0 (decimal 192)
   defining Unicode char U+00C1 (decimal 193)
   defining Unicode char U+00C2 (decimal 194)
   defining Unicode char U+00C3 (decimal 195)
   defining Unicode char U+00C8 (decimal 200)
   defining Unicode char U+00C9 (decimal 201)
   defining Unicode char U+00CA (decimal 202)
   defining Unicode char U+00CC (decimal 204)
   defining Unicode char U+00CD (decimal 205)
   defining Unicode char U+00D2 (decimal 210)
   defining Unicode char U+00D3 (decimal 211)
   defining Unicode char U+00D4 (decimal 212)
   defining Unicode char U+00D5 (decimal 213)
   defining Unicode char U+00D9 (decimal 217)
   defining Unicode char U+00DA (decimal 218)
   defining Unicode char U+00DD (decimal 221)
   defining Unicode char U+00E0 (decimal 224)
   defining Unicode char U+00E1 (decimal 225)
   defining Unicode char U+00E2 (decimal 226)
   defining Unicode char U+00E3 (decimal 227)
   defining Unicode char U+00E8 (decimal 232)
   defining Unicode char U+00E9 (decimal 233)
   defining Unicode char U+00EA (decimal 234)
   defining Unicode char U+00EC (decimal 236)
   defining Unicode char U+00ED (decimal 237)
   defining Unicode char U+00F2 (decimal 242)
   defining Unicode char U+00F3 (decimal 243)
   defining Unicode char U+00F4 (decimal 244)
   defining Unicode char U+00F5 (decimal 245)
   defining Unicode char U+00F9 (decimal 249)
   defining Unicode char U+00FA (decimal 250)
   defining Unicode char U+00FD (decimal 253)
   defining Unicode char U+0102 (decimal 258)
   defining Unicode char U+0103 (decimal 259)
   defining Unicode char U+0110 (decimal 272)
   defining Unicode char U+0111 (decimal 273)
   defining Unicode char U+0128 (decimal 296)
   defining Unicode char U+0129 (decimal 297)
   defining Unicode char U+0131 (decimal 305)
   defining Unicode char U+0168 (decimal 360)
   defining Unicode char U+0169 (decimal 361)
   defining Unicode char U+01A0 (decimal 416)
   defining Unicode char U+01A1 (decimal 417)
   defining Unicode char U+01AF (decimal 431)
   defining Unicode char U+01B0 (decimal 432)
   defining Unicode char U+1EA0 (decimal 7840)
   defining Unicode char U+1EA1 (decimal 7841)
   defining Unicode char U+1EA2 (decimal 7842)
   defining Unicode char U+1EA3 (decimal 7843)
   defining Unicode char U+1EA4 (decimal 7844)
   defining Unicode char U+1EA5 (decimal 7845)
   defining Unicode char U+1EA6 (decimal 7846)
   defining Unicode char U+1EA7 (decimal 7847)
   defining Unicode char U+1EA8 (decimal 7848)
   defining Unicode char U+1EA9 (decimal 7849)
   defining Unicode char U+1EAA (decimal 7850)
   defining Unicode char U+1EAB (decimal 7851)
   defining Unicode char U+1EAC (decimal 7852)
   defining Unicode char U+1EAD (decimal 7853)
   defining Unicode char U+1EAE (decimal 7854)
   defining Unicode char U+1EAF (decimal 7855)
   defining Unicode char U+1EB0 (decimal 7856)
   defining Unicode char U+1EB1 (decimal 7857)
   defining Unicode char U+1EB2 (decimal 7858)
   defining Unicode char U+1EB3 (decimal 7859)
   defining Unicode char U+1EB4 (decimal 7860)
   defining Unicode char U+1EB5 (decimal 7861)
   defining Unicode char U+1EB6 (decimal 7862)
   defining Unicode char U+1EB7 (decimal 7863)
   defining Unicode char U+1EB8 (decimal 7864)
   defining Unicode char U+1EB9 (decimal 7865)
   defining Unicode char U+1EBA (decimal 7866)
   defining Unicode char U+1EBB (decimal 7867)
   defining Unicode char U+1EBC (decimal 7868)
   defining Unicode char U+1EBD (decimal 7869)
   defining Unicode char U+1EBE (decimal 7870)
   defining Unicode char U+1EBF (decimal 7871)
   defining Unicode char U+1EC0 (decimal 7872)
   defining Unicode char U+1EC1 (decimal 7873)
   defining Unicode char U+1EC2 (decimal 7874)
   defining Unicode char U+1EC3 (decimal 7875)
   defining Unicode char U+1EC4 (decimal 7876)
   defining Unicode char U+1EC5 (decimal 7877)
   defining Unicode char U+1EC6 (decimal 7878)
   defining Unicode char U+1EC7 (decimal 7879)
   defining Unicode char U+1EC8 (decimal 7880)
   defining Unicode char U+1EC9 (decimal 7881)
   defining Unicode char U+1ECA (decimal 7882)
   defining Unicode char U+1ECB (decimal 7883)
   defining Unicode char U+1ECC (decimal 7884)
   defining Unicode char U+1ECD (decimal 7885)
   defining Unicode char U+1ECE (decimal 7886)
   defining Unicode char U+1ECF (decimal 7887)
   defining Unicode char U+1ED0 (decimal 7888)
   defining Unicode char U+1ED1 (decimal 7889)
   defining Unicode char U+1ED2 (decimal 7890)
   defining Unicode char U+1ED3 (decimal 7891)
   defining Unicode char U+1ED4 (decimal 7892)
   defining Unicode char U+1ED5 (decimal 7893)
   defining Unicode char U+1ED6 (decimal 7894)
   defining Unicode char U+1ED7 (decimal 7895)
   defining Unicode char U+1ED8 (decimal 7896)
   defining Unicode char U+1ED9 (decimal 7897)
   defining Unicode char U+1EDA (decimal 7898)
   defining Unicode char U+1EDB (decimal 7899)
   defining Unicode char U+1EDC (decimal 7900)
   defining Unicode char U+1EDD (decimal 7901)
   defining Unicode char U+1EDE (decimal 7902)
   defining Unicode char U+1EDF (decimal 7903)
   defining Unicode char U+1EE0 (decimal 7904)
   defining Unicode char U+1EE1 (decimal 7905)
   defining Unicode char U+1EE2 (decimal 7906)
   defining Unicode char U+1EE3 (decimal 7907)
   defining Unicode char U+1EE4 (decimal 7908)
   defining Unicode char U+1EE5 (decimal 7909)
   defining Unicode char U+1EE6 (decimal 7910)
   defining Unicode char U+1EE7 (decimal 7911)
   defining Unicode char U+1EE8 (decimal 7912)
   defining Unicode char U+1EE9 (decimal 7913)
   defining Unicode char U+1EEA (decimal 7914)
   defining Unicode char U+1EEB (decimal 7915)
   defining Unicode char U+1EEC (decimal 7916)
   defining Unicode char U+1EED (decimal 7917)
   defining Unicode char U+1EEE (decimal 7918)
   defining Unicode char U+1EEF (decimal 7919)
   defining Unicode char U+1EF0 (decimal 7920)
   defining Unicode char U+1EF1 (decimal 7921)
   defining Unicode char U+1EF2 (decimal 7922)
   defining Unicode char U+1EF3 (decimal 7923)
   defining Unicode char U+1EF4 (decimal 7924)
   defining Unicode char U+1EF5 (decimal 7925)
   defining Unicode char U+1EF6 (decimal 7926)
   defining Unicode char U+1EF7 (decimal 7927)
   defining Unicode char U+1EF8 (decimal 7928)
   defining Unicode char U+1EF9 (decimal 7929)
   defining Unicode char U+200C (decimal 8204)
   defining Unicode char U+2013 (decimal 8211)
   defining Unicode char U+2014 (decimal 8212)
   defining Unicode char U+2018 (decimal 8216)
   defining Unicode char U+2019 (decimal 8217)
   defining Unicode char U+201A (decimal 8218)
   defining Unicode char U+201C (decimal 8220)
   defining Unicode char U+201D (decimal 8221)
   defining Unicode char U+201E (decimal 8222)
   defining Unicode char U+2030 (decimal 8240)
   defining Unicode char U+2031 (decimal 8241)
   defining Unicode char U+2039 (decimal 8249)
   defining Unicode char U+203A (decimal 8250)
   defining Unicode char U+2423 (decimal 9251)
))
LaTeX Font Info:    Trying to load font information for T5+cmr on input line 11
2.
 ("C:\Users\Nguyen Thanh Nhan\AppData\Roaming\MiKTeX\tex/latex/vntex\t5cmr.fd"
File: t5cmr.fd 1999/05/25 v2.5h Standard LaTeX font definitions
)) ("C:\Program Files\MiKTeX\tex/latex/base\inputenc.sty"
Package: inputenc 2020/08/01 v1.3d Input encoding file
\inpenc@prehook=\toks15
\inpenc@posthook=\toks16
)
("C:\Users\Nguyen Thanh Nhan\AppData\Roaming\MiKTeX\tex/latex/vntex\vncaps.tex"
File: vncaps.tex 2006/06/07 v1.1 Captions in Vietnamese
)) ("C:\Program Files\MiKTeX\tex/latex/amsmath\amsmath.sty"
Package: amsmath 2020/09/23 v2.17i AMS math features
\@mathmargin=\skip49

For additional information on amsmath, use the `?' option.
("C:\Program Files\MiKTeX\tex/latex/amsmath\amstext.sty"
Package: amstext 2000/06/29 v2.01 AMS text

("C:\Program Files\MiKTeX\tex/latex/amsmath\amsgen.sty"
File: amsgen.sty 1999/11/30 v2.0 generic functions
\@emptytoks=\toks17
\ex@=\dimen139
))
("C:\Program Files\MiKTeX\tex/latex/amsmath\amsbsy.sty"
Package: amsbsy 1999/11/29 v1.2d Bold Symbols
\pmbraise@=\dimen140
)
("C:\Program Files\MiKTeX\tex/latex/amsmath\amsopn.sty"
Package: amsopn 2016/03/08 v2.02 operator names
)
\inf@bad=\count183
LaTeX Info: Redefining \frac on input line 234.
\uproot@=\count184
\leftroot@=\count185
LaTeX Info: Redefining \overline on input line 399.
\classnum@=\count186
\DOTSCASE@=\count187
LaTeX Info: Redefining \ldots on input line 496.
LaTeX Info: Redefining \dots on input line 499.
LaTeX Info: Redefining \cdots on input line 620.
\Mathstrutbox@=\box47
\strutbox@=\box48
\big@size=\dimen141
LaTeX Font Info:    Redeclaring font encoding OML on input line 743.
LaTeX Font Info:    Redeclaring font encoding OMS on input line 744.
\macc@depth=\count188
\c@MaxMatrixCols=\count189
\dotsspace@=\muskip16
\c@parentequation=\count190
\dspbrk@lvl=\count191
\tag@help=\toks18
\row@=\count192
\column@=\count193
\maxfields@=\count194
\andhelp@=\toks19
\eqnshift@=\dimen142
\alignsep@=\dimen143
\tagshift@=\dimen144
\tagwidth@=\dimen145
\totwidth@=\dimen146
\lineht@=\dimen147
\@envbody=\toks20
\multlinegap=\skip50
\multlinetaggap=\skip51
\mathdisplay@stack=\toks21
LaTeX Info: Redefining \[ on input line 2923.
LaTeX Info: Redefining \] on input line 2924.
)
("C:\Program Files\MiKTeX\tex/latex/amsfonts\amsfonts.sty"
Package: amsfonts 2013/01/14 v3.01 Basic AMSFonts support
\symAMSa=\mathgroup4
\symAMSb=\mathgroup5
LaTeX Font Info:    Redeclaring math symbol \hbar on input line 98.
LaTeX Font Info:    Overwriting math alphabet `\mathfrak' in version `bold'
(Font)                  U/euf/m/n --> U/euf/b/n on input line 106.
)
("C:\Program Files\MiKTeX\tex/latex/amsfonts\amssymb.sty"
Package: amssymb 2013/01/14 v3.01 AMS font symbols
)
("C:\Program Files\MiKTeX\tex/latex/graphics\graphicx.sty"
Package: graphicx 2020/09/09 v1.2b Enhanced LaTeX Graphics (DPC,SPQR)

("C:\Program Files\MiKTeX\tex/latex/graphics\keyval.sty"
Package: keyval 2014/10/28 v1.15 key=value parser (DPC)
\KV@toks@=\toks22
)
("C:\Program Files\MiKTeX\tex/latex/graphics\graphics.sty"
Package: graphics 2020/08/30 v1.4c Standard LaTeX Graphics (DPC,SPQR)

("C:\Program Files\MiKTeX\tex/latex/graphics\trig.sty"
Package: trig 2016/01/03 v1.10 sin cos tan (DPC)
)
("C:\Program Files\MiKTeX\tex/latex/graphics-cfg\graphics.cfg"
File: graphics.cfg 2016/06/04 v1.11 sample graphics configuration
)
Package graphics Info: Driver file: pdftex.def on input line 105.

("C:\Program Files\MiKTeX\tex/latex/graphics-def\pdftex.def"
File: pdftex.def 2020/08/26 v1.2 Graphics/color driver for pdftex
))
\Gin@req@height=\dimen148
\Gin@req@width=\dimen149
)
("C:\Users\Nguyen Thanh Nhan\AppData\Roaming\MiKTeX\tex/latex/geometry\geometry
.sty"
Package: geometry 2020/01/02 v5.9 Page Geometry
 ("C:\Program Files\MiKTeX\tex/generic/iftex\ifvtex.sty"
Package: ifvtex 2019/10/25 v1.7 ifvtex legacy package. Use iftex instead.

("C:\Program Files\MiKTeX\tex/generic/iftex\iftex.sty"
Package: iftex 2020/03/06 v1.0d TeX engine tests
))
\Gm@cnth=\count195
\Gm@cntv=\count196
\c@Gm@tempcnt=\count197
\Gm@bindingoffset=\dimen150
\Gm@wd@mp=\dimen151
\Gm@odd@mp=\dimen152
\Gm@even@mp=\dimen153
\Gm@layoutwidth=\dimen154
\Gm@layoutheight=\dimen155
\Gm@layouthoffset=\dimen156
\Gm@layoutvoffset=\dimen157
\Gm@dimlist=\toks23

("C:\Users\Nguyen Thanh Nhan\AppData\Roaming\MiKTeX\tex/latex/geometry\geometry
.cfg"))
LaTeX Font Info:    Trying to load font information for T5+cmtt on input line 1
0.

("C:\Users\Nguyen Thanh Nhan\AppData\Roaming\MiKTeX\tex/latex/vntex\t5cmtt.fd"
File: t5cmtt.fd 1999/05/25 v2.5h Standard LaTeX font definitions
)
("C:\Users\Nguyen Thanh Nhan\AppData\Roaming\MiKTeX\tex/latex/fancyhdr\fancyhdr
.sty"
Package: fancyhdr 2019/01/31 v3.10 Extensive control of page headers and footer
s
\f@nch@headwidth=\skip52
\f@nch@O@elh=\skip53
\f@nch@O@erh=\skip54
\f@nch@O@olh=\skip55
\f@nch@O@orh=\skip56
\f@nch@O@elf=\skip57
\f@nch@O@erf=\skip58
\f@nch@O@olf=\skip59
\f@nch@O@orf=\skip60
)
("C:\Users\Nguyen Thanh Nhan\AppData\Roaming\MiKTeX\tex/latex/multido\multido.s
ty"
Package: multido 2004/05/17 package wrapper for PSTricks `multido.tex', (HV/RN)


("C:\Users\Nguyen Thanh Nhan\AppData\Roaming\MiKTeX\tex/generic/multido\multido
.tex"  v1.42, 2010/05/14 <tvz>
\multido@count=\count198
\multidocount=\count199
\multido@stuff=\toks24
)
File: multido.tex 2010/05/14 v1.42 `multido' (tvz,hv)
)
("C:\Users\Nguyen Thanh Nhan\AppData\Roaming\MiKTeX\tex/latex/float\float.sty"
Package: float 2001/11/08 v1.3d Float enhancements (AL)
\c@float@type=\count266
\float@exts=\toks25
\float@box=\box49
\@float@everytoks=\toks26
\@floatcapt=\box50
) ("C:\Program Files\MiKTeX\tex/latex/l3backend\l3backend-pdftex.def"
File: l3backend-pdftex.def 2020-09-24 L3 backend support: PDF output (pdfTeX)
\l__kernel_color_stack_int=\count267
\l__pdf_internal_box=\box51
)
("Bao cao thuc tap.aux")
\openout1 = `"Bao cao thuc tap.aux"'.

LaTeX Font Info:    Checking defaults for OML/cmm/m/it on input line 32.
LaTeX Font Info:    ... okay on input line 32.
LaTeX Font Info:    Checking defaults for OMS/cmsy/m/n on input line 32.
LaTeX Font Info:    ... okay on input line 32.
LaTeX Font Info:    Checking defaults for OT1/cmr/m/n on input line 32.
LaTeX Font Info:    ... okay on input line 32.
LaTeX Font Info:    Checking defaults for T1/cmr/m/n on input line 32.
LaTeX Font Info:    ... okay on input line 32.
LaTeX Font Info:    Checking defaults for TS1/cmr/m/n on input line 32.
LaTeX Font Info:    ... okay on input line 32.
LaTeX Font Info:    Checking defaults for OMX/cmex/m/n on input line 32.
LaTeX Font Info:    ... okay on input line 32.
LaTeX Font Info:    Checking defaults for U/cmr/m/n on input line 32.
LaTeX Font Info:    ... okay on input line 32.
LaTeX Font Info:    Checking defaults for T5/cmr/m/n on input line 32.
LaTeX Font Info:    ... okay on input line 32.

("C:\Program Files\MiKTeX\tex/context/base/mkii\supp-pdf.mkii"
[Loading MPS to PDF converter (version 2006.09.02).]
\scratchcounter=\count268
\scratchdimen=\dimen158
\scratchbox=\box52
\nofMPsegments=\count269
\nofMParguments=\count270
\everyMPshowfont=\toks27
\MPscratchCnt=\count271
\MPscratchDim=\dimen159
\MPnumerator=\count272
\makeMPintoPDFobject=\count273
\everyMPtoPDFconversion=\toks28
) ("C:\Program Files\MiKTeX\tex/latex/epstopdf-pkg\epstopdf-base.sty"
Package: epstopdf-base 2020-01-24 v2.11 Base part for package epstopdf
Package epstopdf-base Info: Redefining graphics rule for `.eps' on input line 4
85.
)
*geometry* driver: auto-detecting
*geometry* detected driver: pdftex
*geometry* verbose mode - [ preamble ] result:
* driver: pdftex
* paper: a4paper
* layout: <same size as paper>
* layoutoffset:(h,v)=(0.0pt,0.0pt)
* modes: 
* h-part:(L,W,R)=(99.58464pt, 441.01773pt, 56.9055pt)
* v-part:(T,H,B)=(71.13188pt, 702.78308pt, 71.13188pt)
* \paperwidth=597.50787pt
* \paperheight=845.04684pt
* \textwidth=441.01773pt
* \textheight=702.78308pt
* \oddsidemargin=27.31465pt
* \evensidemargin=27.31465pt
* \topmargin=-38.1381pt
* \headheight=12.0pt
* \headsep=25.0pt
* \topskip=12.0pt
* \footskip=30.0pt
* \marginparwidth=35.0pt
* \marginparsep=10.0pt
* \columnsep=10.0pt
* \skip\footins=10.8pt plus 4.0pt minus 2.0pt
* \hoffset=0.0pt
* \voffset=0.0pt
* \mag=1000
* \@twocolumnfalse
* \@twosidefalse
* \@mparswitchfalse
* \@reversemarginfalse
* (1in=72.27pt=25.4mm, 1cm=28.453pt)


Underfull \hbox (badness 10000) in paragraph at lines 37--38

 []


Underfull \hbox (badness 10000) in paragraph at lines 39--40

 []


Underfull \hbox (badness 10000) in paragraph at lines 41--42

 []


Underfull \hbox (badness 10000) in paragraph at lines 43--44

 []


Package Fancyhdr Warning: \headheight is too small (12.0pt): 
Make it at least 17.97171pt.
We now make it that large for the rest of the document.
This may cause the page layout to be inconsistent, however.

[1{C:/Users/Nguyen Thanh Nhan/AppData/Local/MiKTeX/pdftex/config/pdftex.map}

]
Underfull \hbox (badness 10000) in paragraph at lines 53--54

 []

<D:/B√°o c√°o th·ª±c t·∫≠p/pic/HACO.jpg, id=7, 359.3425pt x 141.52875pt>
File: D:/B√°o c√°o th·ª±c t·∫≠p/pic/HACO.jpg Graphic file (type jpg)
<use D:/B√°o c√°o th·ª±c t·∫≠p/pic/HACO.jpg>
Package pdftex.def Info: D:/B√°o c√°o th·ª±c t·∫≠p/pic/HACO.jpg  used on input 
line 57.
(pdftex.def)             Requested size: 359.34161pt x 141.5284pt.
[2 <D:/B√°o c√°o th·ª±c t·∫≠p/pic/HACO.jpg>]
<D:/B√°o c√°o th·ª±c t·∫≠p/pic/van phuc city.png, id=12, 484.81125pt x 353.8218
7pt>
File: D:/B√°o c√°o th·ª±c t·∫≠p/pic/van phuc city.png Graphic file (type png)
<use D:/B√°o c√°o th·ª±c t·∫≠p/pic/van phuc city.png>
Package pdftex.def Info: D:/B√°o c√°o th·ª±c t·∫≠p/pic/van phuc city.png  used 
on input line 112.
(pdftex.def)             Requested size: 339.36555pt x 247.67361pt.
<D:/B√°o c√°o th·ª±c t·∫≠p/pic/verosa park.jpg, id=14, 338.26375pt x 396.48125p
t>
File: D:/B√°o c√°o th·ª±c t·∫≠p/pic/verosa park.jpg Graphic file (type jpg)
<use D:/B√°o c√°o th·ª±c t·∫≠p/pic/verosa park.jpg>
Package pdftex.def Info: D:/B√°o c√°o th·ª±c t·∫≠p/pic/verosa park.jpg  used on
 input line 130.
(pdftex.def)             Requested size: 169.13145pt x 198.24013pt.
 [3 <D:/B√°o c√°o th·ª±c t·∫≠p/pic/van phuc city.png>]
<D:/B√°o c√°o th·ª±c t·∫≠p/pic/dai phu quy.png, id=19, 313.9228pt x 405.76593pt
>
File: D:/B√°o c√°o th·ª±c t·∫≠p/pic/dai phu quy.png Graphic file (type png)
<use D:/B√°o c√°o th·ª±c t·∫≠p/pic/dai phu quy.png>
Package pdftex.def Info: D:/B√°o c√°o th·ª±c t·∫≠p/pic/dai phu quy.png  used on
 input line 147.
(pdftex.def)             Requested size: 156.96101pt x 202.88246pt.

Overfull \hbox (4.86584pt too wide) in paragraph at lines 144--149
[]\T5/cmr/bx/n/12 SHOWROOM ÑI PH” QUù - BIñN HOÄ «NG NAI, TP.HCM. 
 []

[4 <D:/B√°o c√°o th·ª±c t·∫≠p/pic/verosa park.jpg> <D:/B√°o c√°o th·ª±c t·∫≠p/p
ic/dai phu quy.png>]
<D:/B√°o c√°o th·ª±c t·∫≠p/pic/long giang.jpg, id=24, 408.52625pt x 378.41376pt
>
File: D:/B√°o c√°o th·ª±c t·∫≠p/pic/long giang.jpg Graphic file (type jpg)
<use D:/B√°o c√°o th·ª±c t·∫≠p/pic/long giang.jpg>
Package pdftex.def Info: D:/B√°o c√°o th·ª±c t·∫≠p/pic/long giang.jpg  used on 
input line 166.
(pdftex.def)             Requested size: 245.11765pt x 227.05pt.
<D:/B√°o c√°o th·ª±c t·∫≠p/pic/lagi phan thiet.jpg, id=25, 489.32813pt x 300.37
22pt>
File: D:/B√°o c√°o th·ª±c t·∫≠p/pic/lagi phan thiet.jpg Graphic file (type jpg)

<use D:/B√°o c√°o th·ª±c t·∫≠p/pic/lagi phan thiet.jpg>
Package pdftex.def Info: D:/B√°o c√°o th·ª±c t·∫≠p/pic/lagi phan thiet.jpg  use
d on input line 183.
(pdftex.def)             Requested size: 244.66345pt x 150.18571pt.
 [5 <D:/B√°o c√°o th·ª±c t·∫≠p/pic/long giang.jpg> <D:/B√°o c√°o th·ª±c t·∫≠p/p
ic/lagi phan thiet.jpg>]
<D:/B√°o c√°o th·ª±c t·∫≠p/pic/bao gia.png, id=29, 646.21425pt x 233.673pt>
File: D:/B√°o c√°o th·ª±c t·∫≠p/pic/bao gia.png Graphic file (type png)
<use D:/B√°o c√°o th·ª±c t·∫≠p/pic/bao gia.png>
Package pdftex.def Info: D:/B√°o c√°o th·ª±c t·∫≠p/pic/bao gia.png  used on inp
ut line 213.
(pdftex.def)             Requested size: 452.34688pt x 163.56998pt.

Overfull \hbox (11.32915pt too wide) in paragraph at lines 213--214
 [][] 
 []

<D:/B√°o c√°o th·ª±c t·∫≠p/pic/bao gia 2.png, id=30, 866.0355pt x 143.93774pt>
File: D:/B√°o c√°o th·ª±c t·∫≠p/pic/bao gia 2.png Graphic file (type png)
<use D:/B√°o c√°o th·ª±c t·∫≠p/pic/bao gia 2.png>
Package pdftex.def Info: D:/B√°o c√°o th·ª±c t·∫≠p/pic/bao gia 2.png  used on i
nput line 219.
(pdftex.def)             Requested size: 433.0167pt x 71.96869pt.
<D:/B√°o c√°o th·ª±c t·∫≠p/pic/bao gia 3.png, id=31, 727.518pt x 267.399pt>
File: D:/B√°o c√°o th·ª±c t·∫≠p/pic/bao gia 3.png Graphic file (type png)
<use D:/B√°o c√°o th·ª±c t·∫≠p/pic/bao gia 3.png>
Package pdftex.def Info: D:/B√°o c√°o th·ª±c t·∫≠p/pic/bao gia 3.png  used on i
nput line 225.
(pdftex.def)             Requested size: 436.51418pt x 160.44063pt.
[6 <D:/B√°o c√°o th·ª±c t·∫≠p/pic/bao gia.png> <D:/B√°o c√°o th·ª±c t·∫≠p/pic/b
ao gia 2.png> <D:/B√°o c√°o th·ª±c t·∫≠p/pic/bao gia 3.png>]
<D:/B√°o c√°o th·ª±c t·∫≠p/pic/bao tri.jpg, id=38, 959.585pt x 1280.785pt>
File: D:/B√°o c√°o th·ª±c t·∫≠p/pic/bao tri.jpg Graphic file (type jpg)
<use D:/B√°o c√°o th·ª±c t·∫≠p/pic/bao tri.jpg>
Package pdftex.def Info: D:/B√°o c√°o th·ª±c t·∫≠p/pic/bao tri.jpg  used on inp
ut line 235.
(pdftex.def)             Requested size: 287.87772pt x 384.23846pt.
<D:/B√°o c√°o th·ª±c t·∫≠p/pic/ket noi.jpg, id=39, 374.39874pt x 281.05pt>
File: D:/B√°o c√°o th·ª±c t·∫≠p/pic/ket noi.jpg Graphic file (type jpg)
<use D:/B√°o c√°o th·ª±c t·∫≠p/pic/ket noi.jpg>
Package pdftex.def Info: D:/B√°o c√°o th·ª±c t·∫≠p/pic/ket noi.jpg  used on inp
ut line 242.
(pdftex.def)             Requested size: 224.64098pt x 168.63129pt.
 [7 <D:/B√°o c√°o th·ª±c t·∫≠p/pic/bao tri.jpg> <D:/B√°o c√°o th·ª±c t·∫≠p/pic/
ket noi.jpg>]
Overfull \hbox (2.61049pt too wide) in paragraph at lines 252--252
[] [] 
 []

[8] ("Bao cao thuc tap.aux") ) 
Here is how much of TeX's memory you used:
 3896 strings out of 480236
 52442 string characters out of 2890319
 326291 words of memory out of 3000000
 20394 multiletter control sequences out of 15000+200000
 539943 words of font info for 36 fonts, out of 3000000 for 9000
 1141 hyphenation exceptions out of 8191
 60i,10n,66p,750b,396s stack positions out of 5000i,500n,10000p,200000b,50000s
 <C:\Users\Nguyen Thanh Nhan\AppData\Local\MiKTeX
\fonts/pk/ljfour/jknappen/ec/dpi600\tcrm1200.pk><C:/Users/Nguyen Thanh Nhan/App
Data/Roaming/MiKTeX/fonts/type1/vntex/vnr/vnbx12.pfb><C:/Users/Nguyen Thanh Nha
n/AppData/Roaming/MiKTeX/fonts/type1/vntex/vnr/vnr12.pfb>
Output written on "Bao cao thuc tap.pdf" (8 pages, 1676969 bytes).
PDF statistics:
 59 PDF objects out of 1000 (max. 8388607)
 0 named destinations out of 1000 (max. 500000)
 56 words of extra memory for PDF output out of 10000 (max. 10000000)

